<?xml version="1.0" encoding="UTF-8"?>
<!-- Generated by org.testng.reporters.JUnitXMLReporter -->
<testsuite ignored="0" hostname="DESKTOP-NEII4G1" failures="0" tests="3" name="Surefire test" time="26.648" errors="0" timestamp="2026-01-14T15:37:36 IST">
  <testcase classname="tests.LoginTest" name="emptyFieldsTest" time="0.867"/>
  <testcase classname="tests.LoginTest" name="invalidLoginTest" time="1.134"/>
  <testcase classname="tests.LoginTest" name="validLoginTest" time="1.147"/>
</testsuite> <!-- Surefire test -->
