<?xml version="1.0" encoding="UTF-8"?>
<testng-results ignored="0" total="3" passed="3" failed="0" skipped="0">
  <reporter-output>
  </reporter-output>
  <suite started-at="2026-01-14T15:37:09 IST" name="Surefire suite" finished-at="2026-01-14T15:37:36 IST" duration-ms="26648">
    <groups>
    </groups>
    <test started-at="2026-01-14T15:37:09 IST" name="Surefire test" finished-at="2026-01-14T15:37:36 IST" duration-ms="26648">
      <class name="tests.LoginTest">
        <test-method is-config="true" signature="setup()[pri:0, instance:tests.LoginTest@6ce139a4]" started-at="2026-01-14T15:37:09 IST" name="setup" finished-at="2026-01-14T15:37:19 IST" duration-ms="9900" status="PASS">
          <reporter-output>
          </reporter-output>
        </test-method> <!-- setup -->
        <test-method signature="emptyFieldsTest()[pri:0, instance:tests.LoginTest@6ce139a4]" started-at="2026-01-14T15:37:19 IST" name="emptyFieldsTest" finished-at="2026-01-14T15:37:20 IST" duration-ms="867" status="PASS">
          <reporter-output>
          </reporter-output>
        </test-method> <!-- emptyFieldsTest -->
        <test-method is-config="true" signature="tearDown()[pri:0, instance:tests.LoginTest@6ce139a4]" started-at="2026-01-14T15:37:20 IST" name="tearDown" finished-at="2026-01-14T15:37:21 IST" duration-ms="703" status="PASS">
          <reporter-output>
          </reporter-output>
        </test-method> <!-- tearDown -->
        <test-method is-config="true" signature="setup()[pri:0, instance:tests.LoginTest@6ce139a4]" started-at="2026-01-14T15:37:21 IST" name="setup" finished-at="2026-01-14T15:37:27 IST" duration-ms="6100" status="PASS">
          <reporter-output>
          </reporter-output>
        </test-method> <!-- setup -->
        <test-method signature="invalidLoginTest()[pri:0, instance:tests.LoginTest@6ce139a4]" started-at="2026-01-14T15:37:27 IST" name="invalidLoginTest" finished-at="2026-01-14T15:37:28 IST" duration-ms="1134" status="PASS">
          <reporter-output>
          </reporter-output>
        </test-method> <!-- invalidLoginTest -->
        <test-method is-config="true" signature="tearDown()[pri:0, instance:tests.LoginTest@6ce139a4]" started-at="2026-01-14T15:37:28 IST" name="tearDown" finished-at="2026-01-14T15:37:28 IST" duration-ms="358" status="PASS">
          <reporter-output>
          </reporter-output>
        </test-method> <!-- tearDown -->
        <test-method is-config="true" signature="setup()[pri:0, instance:tests.LoginTest@6ce139a4]" started-at="2026-01-14T15:37:28 IST" name="setup" finished-at="2026-01-14T15:37:34 IST" duration-ms="6002" status="PASS">
          <reporter-output>
          </reporter-output>
        </test-method> <!-- setup -->
        <test-method signature="validLoginTest()[pri:0, instance:tests.LoginTest@6ce139a4]" started-at="2026-01-14T15:37:34 IST" name="validLoginTest" finished-at="2026-01-14T15:37:36 IST" duration-ms="1147" status="PASS">
          <reporter-output>
          </reporter-output>
        </test-method> <!-- validLoginTest -->
        <test-method is-config="true" signature="tearDown()[pri:0, instance:tests.LoginTest@6ce139a4]" started-at="2026-01-14T15:37:36 IST" name="tearDown" finished-at="2026-01-14T15:37:36 IST" duration-ms="359" status="PASS">
          <reporter-output>
          </reporter-output>
        </test-method> <!-- tearDown -->
      </class> <!-- tests.LoginTest -->
    </test> <!-- Surefire test -->
  </suite> <!-- Surefire suite -->
</testng-results>
