<?xml version="1.0" encoding="UTF-8"?>
<!-- Generated by org.testng.reporters.JUnitReportReporter -->
<testsuite hostname="DESKTOP-NEII4G1" failures="0" tests="3" name="tests.LoginTest" time="26.570" errors="0" timestamp="2026-01-14T15:37:36 IST" skipped="0">
  <testcase classname="tests.LoginTest" name="invalidLoginTest" time="11.392"/>
  <testcase classname="tests.LoginTest" name="emptyFieldsTest" time="7.572"/>
  <testcase classname="tests.LoginTest" name="validLoginTest" time="7.606"/>
</testsuite> <!-- tests.LoginTest -->
